Traceback (most recent call last):
  File "/opt/hostedtoolcache/Python/3.7.12/x64/lib/python3.7/site-packages/jupyter_cache/executors/utils.py", line 56, in single_nb_execution
    record_timing=False,
  File "/opt/hostedtoolcache/Python/3.7.12/x64/lib/python3.7/site-packages/nbclient/client.py", line 1093, in execute
    return NotebookClient(nb=nb, resources=resources, km=km, **kwargs).execute()
  File "/opt/hostedtoolcache/Python/3.7.12/x64/lib/python3.7/site-packages/nbclient/util.py", line 84, in wrapped
    return just_run(coro(*args, **kwargs))
  File "/opt/hostedtoolcache/Python/3.7.12/x64/lib/python3.7/site-packages/nbclient/util.py", line 62, in just_run
    return loop.run_until_complete(coro)
  File "/opt/hostedtoolcache/Python/3.7.12/x64/lib/python3.7/asyncio/base_events.py", line 587, in run_until_complete
    return future.result()
  File "/opt/hostedtoolcache/Python/3.7.12/x64/lib/python3.7/site-packages/nbclient/client.py", line 560, in async_execute
    cell, index, execution_count=self.code_cells_executed + 1
  File "/opt/hostedtoolcache/Python/3.7.12/x64/lib/python3.7/site-packages/nbclient/client.py", line 854, in async_execute_cell
    self._check_raise_for_error(cell, exec_reply)
  File "/opt/hostedtoolcache/Python/3.7.12/x64/lib/python3.7/site-packages/nbclient/client.py", line 756, in _check_raise_for_error
    raise CellExecutionError.from_cell_and_msg(cell, exec_reply_content)
nbclient.exceptions.CellExecutionError: An error occurred while executing the following cell:
------------------
# Manejo de datos
import pandas as pd
# Módulo para obtener datos y módulo JSON
import requests, json, locale
# Módulo para graficar
import plotly.graph_objects as go
locale.setlocale(locale.LC_TIME, 'es_ES') 
------------------

[0;31m---------------------------------------------------------------------------[0m
[0;31mError[0m                                     Traceback (most recent call last)
[0;32m/tmp/ipykernel_3303/838293934.py[0m in [0;36m<module>[0;34m[0m
[1;32m      5[0m [0;31m# Módulo para graficar[0m[0;34m[0m[0;34m[0m[0;34m[0m[0m
[1;32m      6[0m [0;32mimport[0m [0mplotly[0m[0;34m.[0m[0mgraph_objects[0m [0;32mas[0m [0mgo[0m[0;34m[0m[0;34m[0m[0m
[0;32m----> 7[0;31m [0mlocale[0m[0;34m.[0m[0msetlocale[0m[0;34m([0m[0mlocale[0m[0;34m.[0m[0mLC_TIME[0m[0;34m,[0m [0;34m'es_ES'[0m[0;34m)[0m[0;34m[0m[0;34m[0m[0m
[0m
[0;32m/opt/hostedtoolcache/Python/3.7.12/x64/lib/python3.7/locale.py[0m in [0;36msetlocale[0;34m(category, locale)[0m
[1;32m    606[0m         [0;31m# convert to string[0m[0;34m[0m[0;34m[0m[0;34m[0m[0m
[1;32m    607[0m         [0mlocale[0m [0;34m=[0m [0mnormalize[0m[0;34m([0m[0m_build_localename[0m[0;34m([0m[0mlocale[0m[0;34m)[0m[0;34m)[0m[0;34m[0m[0;34m[0m[0m
[0;32m--> 608[0;31m     [0;32mreturn[0m [0m_setlocale[0m[0;34m([0m[0mcategory[0m[0;34m,[0m [0mlocale[0m[0;34m)[0m[0;34m[0m[0;34m[0m[0m
[0m[1;32m    609[0m [0;34m[0m[0m
[1;32m    610[0m [0;32mdef[0m [0mresetlocale[0m[0;34m([0m[0mcategory[0m[0;34m=[0m[0mLC_ALL[0m[0;34m)[0m[0;34m:[0m[0;34m[0m[0;34m[0m[0m

[0;31mError[0m: unsupported locale setting
Error: unsupported locale setting

