Traceback (most recent call last):
  File "/opt/hostedtoolcache/Python/3.7.10/x64/lib/python3.7/site-packages/jupyter_cache/executors/utils.py", line 56, in single_nb_execution
    record_timing=False,
  File "/opt/hostedtoolcache/Python/3.7.10/x64/lib/python3.7/site-packages/nbclient/client.py", line 1112, in execute
    return NotebookClient(nb=nb, resources=resources, km=km, **kwargs).execute()
  File "/opt/hostedtoolcache/Python/3.7.10/x64/lib/python3.7/site-packages/nbclient/util.py", line 74, in wrapped
    return just_run(coro(*args, **kwargs))
  File "/opt/hostedtoolcache/Python/3.7.10/x64/lib/python3.7/site-packages/nbclient/util.py", line 53, in just_run
    return loop.run_until_complete(coro)
  File "/opt/hostedtoolcache/Python/3.7.10/x64/lib/python3.7/asyncio/base_events.py", line 587, in run_until_complete
    return future.result()
  File "/opt/hostedtoolcache/Python/3.7.10/x64/lib/python3.7/site-packages/nbclient/client.py", line 554, in async_execute
    cell, index, execution_count=self.code_cells_executed + 1
  File "/opt/hostedtoolcache/Python/3.7.10/x64/lib/python3.7/site-packages/nbclient/client.py", line 857, in async_execute_cell
    self._check_raise_for_error(cell, exec_reply)
  File "/opt/hostedtoolcache/Python/3.7.10/x64/lib/python3.7/site-packages/nbclient/client.py", line 760, in _check_raise_for_error
    raise CellExecutionError.from_cell_and_msg(cell, exec_reply_content)
nbclient.exceptions.CellExecutionError: An error occurred while executing the following cell:
------------------
# Importando paquetes

### Librería de machine learning
import sklearn
## Para ver % de error del modelo
from sklearn.metrics import confusion_matrix, plot_confusion_matrix, classification_report
## Para separar conjunto de entrenamiento y de prueba
from sklearn.model_selection import TimeSeriesSplit
## Para modelo de aproximación por kernel
from sklearn.svm import SVC
from sklearn.pipeline import make_pipeline
from sklearn.preprocessing import StandardScaler

### Librería de manipulación de datos 
import pandas as pd
pd.set_option('display.max_columns', 50)
pd.options.display.float_format = '{:,.2f}'.format

### Librería de álgebra
import numpy as np

### Librerías para graficar
import matplotlib.pyplot as plt
import matplotlib.image as mpimg
import matplotlib as mpl
import seaborn as sns

### Customizamos para tener fondos transparentes con alta resolución
mpl.rcParams['figure.dpi']= 300
mpl.rc("savefig", dpi=300)

### Para formato local
import locale
locale.setlocale(locale.LC_ALL, 'esp')

### Otros paquetes
import math
import os
import json as json
import datetime
import time
from IPython.display import display, Markdown, Javascript
from scipy import stats

### Gracias a joelostblom (https://gitlab.com/joelostblom/session_info)
import session_info

### Librería BeautifulSoup para manipular HTML (más detalle en el siguiente Notebook)
from bs4 import BeautifulSoup
------------------

[0;31m---------------------------------------------------------------------------[0m
[0;31mError[0m                                     Traceback (most recent call last)
[0;32m<ipython-input-1-a246699c06e9>[0m in [0;36m<module>[0;34m[0m
[1;32m     32[0m [0;31m### Para formato local[0m[0;34m[0m[0;34m[0m[0;34m[0m[0m
[1;32m     33[0m [0;32mimport[0m [0mlocale[0m[0;34m[0m[0;34m[0m[0m
[0;32m---> 34[0;31m [0mlocale[0m[0;34m.[0m[0msetlocale[0m[0;34m([0m[0mlocale[0m[0;34m.[0m[0mLC_ALL[0m[0;34m,[0m [0;34m'esp'[0m[0;34m)[0m[0;34m[0m[0;34m[0m[0m
[0m[1;32m     35[0m [0;34m[0m[0m
[1;32m     36[0m [0;31m### Otros paquetes[0m[0;34m[0m[0;34m[0m[0;34m[0m[0m

[0;32m/opt/hostedtoolcache/Python/3.7.10/x64/lib/python3.7/locale.py[0m in [0;36msetlocale[0;34m(category, locale)[0m
[1;32m    606[0m         [0;31m# convert to string[0m[0;34m[0m[0;34m[0m[0;34m[0m[0m
[1;32m    607[0m         [0mlocale[0m [0;34m=[0m [0mnormalize[0m[0;34m([0m[0m_build_localename[0m[0;34m([0m[0mlocale[0m[0;34m)[0m[0;34m)[0m[0;34m[0m[0;34m[0m[0m
[0;32m--> 608[0;31m     [0;32mreturn[0m [0m_setlocale[0m[0;34m([0m[0mcategory[0m[0;34m,[0m [0mlocale[0m[0;34m)[0m[0;34m[0m[0;34m[0m[0m
[0m[1;32m    609[0m [0;34m[0m[0m
[1;32m    610[0m [0;32mdef[0m [0mresetlocale[0m[0;34m([0m[0mcategory[0m[0;34m=[0m[0mLC_ALL[0m[0;34m)[0m[0;34m:[0m[0;34m[0m[0;34m[0m[0m

[0;31mError[0m: unsupported locale setting
Error: unsupported locale setting

